Performing C SOURCE FILE Test CMAKE_HAVE_LIBC_PTHREAD failed with the following output:
Change Dir: /home/rinat/technpark_project/Mafia-TP-project/cmake-build-debug/CMakeFiles/CMakeTmp

Run Build Command(s):/usr/bin/make -f Makefile cmTC_ed4aa/fast && /usr/bin/make  -f CMakeFiles/cmTC_ed4aa.dir/build.make CMakeFiles/cmTC_ed4aa.dir/build
make[1]: Entering directory '/home/rinat/technpark_project/Mafia-TP-project/cmake-build-debug/CMakeFiles/CMakeTmp'
Building C object CMakeFiles/cmTC_ed4aa.dir/src.c.o
/usr/bin/cc -DCMAKE_HAVE_LIBC_PTHREAD   -o CMakeFiles/cmTC_ed4aa.dir/src.c.o -c /home/rinat/technpark_project/Mafia-TP-project/cmake-build-debug/CMakeFiles/CMakeTmp/src.c
Linking C executable cmTC_ed4aa
/snap/clion/169/bin/cmake/linux/bin/cmake -E cmake_link_script CMakeFiles/cmTC_ed4aa.dir/link.txt --verbose=1
/usr/bin/cc -rdynamic CMakeFiles/cmTC_ed4aa.dir/src.c.o -o cmTC_ed4aa 
/usr/bin/ld: CMakeFiles/cmTC_ed4aa.dir/src.c.o: in function `main':
src.c:(.text+0x46): undefined reference to `pthread_create'
/usr/bin/ld: src.c:(.text+0x52): undefined reference to `pthread_detach'
/usr/bin/ld: src.c:(.text+0x5e): undefined reference to `pthread_cancel'
/usr/bin/ld: src.c:(.text+0x6f): undefined reference to `pthread_join'
collect2: error: ld returned 1 exit status
make[1]: *** [CMakeFiles/cmTC_ed4aa.dir/build.make:99: cmTC_ed4aa] Error 1
make[1]: Leaving directory '/home/rinat/technpark_project/Mafia-TP-project/cmake-build-debug/CMakeFiles/CMakeTmp'
make: *** [Makefile:127: cmTC_ed4aa/fast] Error 2


Source file was:
#include <pthread.h>

static void* test_func(void* data)
{
  return data;
}

int main(void)
{
  pthread_t thread;
  pthread_create(&thread, NULL, test_func, NULL);
  pthread_detach(thread);
  pthread_cancel(thread);
  pthread_join(thread, NULL);
  pthread_atfork(NULL, NULL, NULL);
  pthread_exit(NULL);

  return 0;
}

Determining if the function pthread_create exists in the pthreads failed with the following output:
Change Dir: /home/rinat/technpark_project/Mafia-TP-project/cmake-build-debug/CMakeFiles/CMakeTmp

Run Build Command(s):/usr/bin/make -f Makefile cmTC_131a8/fast && /usr/bin/make  -f CMakeFiles/cmTC_131a8.dir/build.make CMakeFiles/cmTC_131a8.dir/build
make[1]: Entering directory '/home/rinat/technpark_project/Mafia-TP-project/cmake-build-debug/CMakeFiles/CMakeTmp'
Building C object CMakeFiles/cmTC_131a8.dir/CheckFunctionExists.c.o
/usr/bin/cc   -DCHECK_FUNCTION_EXISTS=pthread_create -o CMakeFiles/cmTC_131a8.dir/CheckFunctionExists.c.o -c /snap/clion/169/bin/cmake/linux/share/cmake-3.20/Modules/CheckFunctionExists.c
Linking C executable cmTC_131a8
/snap/clion/169/bin/cmake/linux/bin/cmake -E cmake_link_script CMakeFiles/cmTC_131a8.dir/link.txt --verbose=1
/usr/bin/cc  -DCHECK_FUNCTION_EXISTS=pthread_create -rdynamic CMakeFiles/cmTC_131a8.dir/CheckFunctionExists.c.o -o cmTC_131a8  -lpthreads 
/usr/bin/ld: cannot find -lpthreads
collect2: error: ld returned 1 exit status
make[1]: *** [CMakeFiles/cmTC_131a8.dir/build.make:99: cmTC_131a8] Error 1
make[1]: Leaving directory '/home/rinat/technpark_project/Mafia-TP-project/cmake-build-debug/CMakeFiles/CMakeTmp'
make: *** [Makefile:127: cmTC_131a8/fast] Error 2



